<?xml version="1.0" encoding="UTF-8"?>
<testng-results ignored="0" total="1" passed="1" failed="0" skipped="0">
  <reporter-output>
    <line>
      <![CDATA[Sending mobile number..]]>
    </line>
    <line>
      <![CDATA[Clinking on signIn button..]]>
    </line>
    <line>
      <![CDATA[sending password]]>
    </line>
    <line>
      <![CDATA[click on submit button]]>
    </line>
    <line>
      <![CDATA[getting actual username]]>
    </line>
    <line>
      <![CDATA[Test validateUserName is completed successfuly]]>
    </line>
    <line>
      <![CDATA[log out from application]]>
    </line>
  </reporter-output>
  <suite started-at="2022-11-29T17:29:02 IST" name="Default suite" finished-at="2022-11-29T17:30:57 IST" duration-ms="114863">
    <groups>
    </groups>
    <test started-at="2022-11-29T17:29:02 IST" name="Default test" finished-at="2022-11-29T17:30:57 IST" duration-ms="114863">
      <class name="neostoxTestClass.NeostoxValidateUserName">
        <test-method is-config="true" signature="openBrowser()[pri:0, instance:neostoxTestClass.NeostoxValidateUserName@25fb8912]" started-at="2022-11-29T17:29:02 IST" name="openBrowser" finished-at="2022-11-29T17:30:09 IST" duration-ms="66319" status="PASS">
          <reporter-output>
          </reporter-output>
        </test-method> <!-- openBrowser -->
        <test-method is-config="true" signature="loginToNeostox()[pri:0, instance:neostoxTestClass.NeostoxValidateUserName@25fb8912]" started-at="2022-11-29T17:30:09 IST" name="loginToNeostox" finished-at="2022-11-29T17:30:54 IST" duration-ms="44788" status="PASS">
          <reporter-output>
            <line>
              <![CDATA[Sending mobile number..]]>
            </line>
            <line>
              <![CDATA[Clinking on signIn button..]]>
            </line>
            <line>
              <![CDATA[sending password]]>
            </line>
            <line>
              <![CDATA[click on submit button]]>
            </line>
          </reporter-output>
        </test-method> <!-- loginToNeostox -->
        <test-method signature="validateUserName()[pri:0, instance:neostoxTestClass.NeostoxValidateUserName@25fb8912]" started-at="2022-11-29T17:30:54 IST" name="validateUserName" finished-at="2022-11-29T17:30:56 IST" duration-ms="2025" status="PASS">
          <reporter-output>
            <line>
              <![CDATA[getting actual username]]>
            </line>
            <line>
              <![CDATA[Test validateUserName is completed successfuly]]>
            </line>
          </reporter-output>
        </test-method> <!-- validateUserName -->
        <test-method is-config="true" signature="logOutFromNeostox()[pri:0, instance:neostoxTestClass.NeostoxValidateUserName@25fb8912]" started-at="2022-11-29T17:30:56 IST" name="logOutFromNeostox" finished-at="2022-11-29T17:30:56 IST" duration-ms="296" status="PASS">
          <reporter-output>
            <line>
              <![CDATA[log out from application]]>
            </line>
          </reporter-output>
        </test-method> <!-- logOutFromNeostox -->
        <test-method is-config="true" signature="closeBrowser()[pri:0, instance:neostoxTestClass.NeostoxValidateUserName@25fb8912]" started-at="2022-11-29T17:30:56 IST" name="closeBrowser" finished-at="2022-11-29T17:30:57 IST" duration-ms="1227" status="PASS">
          <reporter-output>
          </reporter-output>
        </test-method> <!-- closeBrowser -->
      </class> <!-- neostoxTestClass.NeostoxValidateUserName -->
    </test> <!-- Default test -->
  </suite> <!-- Default suite -->
</testng-results>
